
# timestamp ; field [FU] ; field [Hz] ; base frequency 1H [Hz]
# FU: field-units
2020-10-13T15:54:23.997+0200;0.00;0.00;799700000.00
2020-10-13T18:49:17.611+0200;123.00;801.27;799700000.00
2022-03-21T11:51:21.146+0100;0.30;1.95;799700000.00
2022-10-17T11:06:32.298+0200;0.30;1.95;799700000.00
2022-10-18T11:07:29.666+0200;0.30;1.95;799700000.00
2022-10-19T11:08:29.549+0200;0.30;1.95;799700000.00
2022-10-20T11:09:29.675+0200;0.30;1.95;799700000.00
2022-10-21T11:10:29.698+0200;0.30;1.95;799700000.00
2022-10-22T11:11:29.541+0200;0.30;1.95;799700000.00
2022-10-23T11:12:29.692+0200;0.30;1.95;799700000.00
2022-10-24T11:13:29.545+0200;0.30;1.95;799700000.00
2022-10-25T11:15:29.289+0200;0.30;1.95;799700000.00
2022-10-26T11:17:29.059+0200;0.30;1.95;799700000.00
2022-10-27T11:19:29.207+0200;0.30;1.95;799700000.00
2022-10-28T11:21:29.060+0200;0.30;1.95;799700000.00
2022-10-29T11:23:29.043+0200;0.30;1.95;799700000.00
2022-10-30T10:25:29.023+0100;0.30;1.95;799700000.00
2022-10-31T10:26:29.103+0100;0.30;1.95;799700000.00
2022-11-01T10:28:29.260+0100;0.30;1.95;799700000.00
2022-11-02T10:30:29.189+0100;0.30;1.95;799700000.00
2022-11-03T10:32:29.062+0100;0.30;1.95;799700000.00
2022-11-04T10:34:29.080+0100;0.30;1.95;799700000.00
2022-11-05T10:35:29.304+0100;0.30;1.95;799700000.00
2022-11-06T10:37:29.085+0100;0.30;1.95;799700000.00
2022-12-05T10:18:06.429+0100;0.30;1.95;799700000.00
2022-12-06T10:19:04.323+0100;0.30;1.95;799700000.00
2022-12-07T10:20:04.297+0100;0.30;1.95;799700000.00
2022-12-08T10:21:04.470+0100;0.30;1.95;799700000.00
2022-12-09T10:22:04.344+0100;0.30;1.95;799700000.00
2022-12-10T10:23:04.422+0100;0.30;1.95;799700000.00
2022-12-11T10:24:04.443+0100;0.30;1.95;799700000.00
2022-12-12T10:25:04.515+0100;0.30;1.95;799700000.00
2022-12-13T10:26:04.718+0100;0.30;1.95;799700000.00
2022-12-14T10:27:04.390+0100;0.30;1.95;799700000.00
2022-12-15T10:28:04.676+0100;0.30;1.95;799700000.00
2022-12-16T10:29:04.426+0100;0.30;1.95;799700000.00
2022-12-17T10:30:04.674+0100;0.30;1.95;799700000.00
2022-12-18T10:31:04.572+0100;0.30;1.95;799700000.00
2022-12-19T10:32:04.507+0100;0.30;1.95;799700000.00
2022-12-20T10:33:04.316+0100;0.30;1.95;799700000.00
2022-12-21T10:34:04.776+0100;0.30;1.95;799700000.00
2022-12-22T10:35:04.499+0100;0.30;1.95;799700000.00
2022-12-23T10:36:04.542+0100;0.30;1.95;799700000.00
2022-12-24T10:37:04.455+0100;0.30;1.95;799700000.00
2022-12-25T10:38:04.502+0100;0.30;1.95;799700000.00
2022-12-26T10:39:04.398+0100;0.30;1.95;799700000.00
2022-12-27T10:40:04.349+0100;0.30;1.95;799700000.00
2022-12-28T10:41:04.444+0100;0.30;1.95;799700000.00
2022-12-29T10:42:04.468+0100;0.30;1.95;799700000.00
2022-12-30T10:43:04.501+0100;0.30;1.95;799700000.00
2022-12-31T10:44:04.583+0100;0.30;1.95;799700000.00
2023-01-01T10:45:04.389+0100;0.30;1.95;799700000.00
2023-01-23T10:14:19.803+0100;0.30;1.95;799700000.00
2023-01-24T10:15:17.659+0100;0.30;1.95;799700000.00
2023-01-25T10:16:17.600+0100;0.30;1.95;799700000.00
2023-01-26T10:17:17.673+0100;0.30;1.95;799700000.00
2023-01-27T10:19:16.995+0100;0.30;1.95;799700000.00
2023-01-28T10:21:17.011+0100;0.30;1.95;799700000.00
2023-01-29T10:23:17.175+0100;0.30;1.95;799700000.00
2023-01-30T10:25:17.105+0100;0.30;1.95;799700000.00
2023-01-31T10:27:17.013+0100;0.30;1.95;799700000.00
2023-02-01T10:29:17.144+0100;0.30;1.95;799700000.00
2023-02-02T10:31:17.080+0100;0.30;1.95;799700000.00
2023-02-03T10:33:17.032+0100;0.30;1.95;799700000.00
2023-02-04T10:35:17.061+0100;0.30;1.95;799700000.00
2023-02-05T10:37:16.973+0100;0.30;1.95;799700000.00
2023-03-06T09:02:03.830+0100;0.30;1.95;799700000.00
2023-03-07T09:03:01.800+0100;0.30;1.95;799700000.00
2023-03-08T09:04:01.721+0100;0.30;1.95;799700000.00
2023-03-09T09:05:01.722+0100;0.30;1.95;799700000.00
2023-03-10T09:06:01.674+0100;0.30;1.95;799700000.00
2023-03-11T09:07:01.545+0100;0.30;1.95;799700000.00
2023-03-12T09:08:01.681+0100;0.30;1.95;799700000.00
2023-03-13T09:09:01.934+0100;0.30;1.95;799700000.00
2023-03-14T09:10:01.698+0100;0.30;1.95;799700000.00
2023-03-15T09:11:01.635+0100;0.30;1.95;799700000.00
2023-03-16T09:12:01.804+0100;0.30;1.95;799700000.00
2023-03-17T09:13:01.808+0100;0.30;1.95;799700000.00
2023-03-18T09:14:01.812+0100;0.30;1.95;799700000.00
2023-03-19T09:15:02.157+0100;0.30;1.95;799700000.00
2023-03-20T09:16:01.696+0100;0.30;1.95;799700000.00
2023-03-21T09:17:01.863+0100;0.30;1.95;799700000.00
2023-03-22T09:18:01.773+0100;0.30;1.95;799700000.00
2023-03-23T09:19:01.759+0100;0.30;1.95;799700000.00
2023-03-24T09:20:01.782+0100;0.30;1.95;799700000.00
2023-03-25T09:21:01.710+0100;0.30;1.95;799700000.00
2023-03-26T10:22:01.632+0200;0.30;1.95;799700000.00
2023-04-24T10:07:25.793+0200;0.30;1.95;799700000.00
2023-04-25T10:08:23.976+0200;0.30;1.95;799700000.00
2023-04-26T10:09:23.684+0200;0.30;1.95;799700000.00
2023-04-27T10:10:23.711+0200;0.30;1.95;799700000.00
2023-04-28T10:11:23.829+0200;0.30;1.95;799700000.00
2023-04-29T10:12:23.793+0200;0.30;1.95;799700000.00
2023-04-30T10:13:23.729+0200;0.30;1.95;799700000.00
2023-05-01T10:14:23.916+0200;0.30;1.95;799700000.00
2023-05-02T10:15:23.718+0200;0.30;1.95;799700000.00
2023-05-03T10:16:23.633+0200;0.30;1.95;799700000.00
2023-05-04T10:17:23.554+0200;0.30;1.95;799700000.00
2023-05-05T10:18:23.529+0200;0.30;1.95;799700000.00
2023-05-06T10:19:23.606+0200;0.30;1.95;799700000.00
2023-05-07T10:20:23.775+0200;0.30;1.95;799700000.00
