
# timestamp ; type (0=NOTIFICATION / 1=WARNING / 2=ERROR / 3=ALERT) ; description ; equipment category
2020-10-13T15:54:22.585+0200;2;GYR_CF: JAC/CMU Communication Error: #CRLF;cannot initialize JAC communication: bch.mics.e.d.r: SOAP scan for CMUCF on 149.236.99.9 failed;13
2020-10-13T18:49:16.805+0200;2;GYR_CF: JAC/CMU Communication Error: #CRLF;cannot initialize JAC communication: bch.mics.e.d.r: SOAP scan for CMUCF on 149.236.99.9 failed;13
2020-10-13T19:07:39.326+0200;1;CMUCF: EMail configuration missing: #CRLF;EMailing on JAC device not configured;13
2020-10-13T19:07:17.650+0200;3;GYR_CF: Vacuum gauge measurement failure: #CRLF;Vacuum sensor missing (15);13
2020-10-13T19:07:18.650+0200;3;GYR_CF: Send email attempt failed: #CRLF;Sending e-mail failed (14);13
2022-03-21T11:51:20.118+0100;1;CMUCF: EMail configuration missing: #CRLF;EMailing on JAC device not configured;13
2022-10-17T11:06:31.570+0200;1;CMUCF: EMail configuration missing: #CRLF;EMailing on JAC device not configured;13
2023-03-13T10:02:44.105+0100;3;GYR_CF: Cooling water temperature too high: #CRLF;Compressor water temp. above limit: 290.1K >= 290.0K (4);13
2023-03-13T10:12:13.212+0100;3;GYR_CF: Cooling water temperature too high: #CRLF;Compressor water temp. above limit: 290.9K >= 290.0K (4);13
2023-03-13T13:55:15.460+0100;3;GYR_CF: Cooling water temperature too high: #CRLF;Compressor water temp. above limit: 292.9K >= 290.0K (4);13
2023-03-13T19:27:21.757+0100;3;GYR_CF: Cooling water temperature too high: #CRLF;Compressor water temp. above limit: 290.2K >= 290.0K (4);13
2023-03-13T21:03:43.700+0100;3;GYR_CF: Cooling water flow/temperature out of spec: #CRLF;Cooling water flow/temperature out of spec:  11.3l/min/305.6K lies above limit curve (16);13
2023-03-13T21:04:41.711+0100;3;GYR_CF: Cooling water flow/temperature out of spec: #CRLF;Cooling water flow/temperature out of spec:  11.3l/min/305.7K lies above limit curve (16);13
2023-03-13T21:06:41.729+0100;3;GYR_CF: Cooling water flow/temperature out of spec: #CRLF;Cooling water flow/temperature out of spec:  11.4l/min/305.7K lies above limit curve (16);13
2023-03-13T21:13:59.808+0100;3;GYR_CF: Cooling water flow/temperature out of spec: #CRLF;Cooling water flow/temperature out of spec:  11.3l/min/305.7K lies above limit curve (16);13
2023-03-13T22:16:02.433+0100;3;GYR_CF: Cooling water flow/temperature out of spec: #CRLF;Cooling water flow/temperature out of spec:  11.3l/min/305.7K lies above limit curve (16);13
2023-03-13T22:17:59.452+0100;3;GYR_CF: Cooling water flow/temperature out of spec: #CRLF;Cooling water flow/temperature out of spec:  11.4l/min/305.7K lies above limit curve (16);13
2023-03-13T22:33:11.607+0100;3;GYR_CF: Cooling water flow/temperature out of spec: #CRLF;Cooling water flow/temperature out of spec:  11.3l/min/305.7K lies above limit curve (16);13
2023-03-13T22:49:06.768+0100;3;GYR_CF: Cooling water flow/temperature out of spec: #CRLF;Cooling water flow/temperature out of spec:  11.3l/min/305.7K lies above limit curve (16);13
2023-03-13T22:51:10.782+0100;3;GYR_CF: Cooling water flow/temperature out of spec: #CRLF;Cooling water flow/temperature out of spec:  11.3l/min/305.6K lies above limit curve (16);13
2023-03-13T22:53:08.797+0100;3;GYR_CF: Cooling water flow/temperature out of spec: #CRLF;Cooling water flow/temperature out of spec:  11.1l/min/305.7K lies above limit curve (16);13
2023-03-13T22:58:43.846+0100;3;GYR_CF: Cooling water flow/temperature out of spec: #CRLF;Cooling water flow/temperature out of spec:  11.4l/min/305.6K lies above limit curve (16);13
2023-03-13T22:59:57.854+0100;3;GYR_CF: Cooling water flow/temperature out of spec: #CRLF;Cooling water flow/temperature out of spec:  11.4l/min/305.7K lies above limit curve (16);13
2023-03-13T23:19:25.042+0100;3;GYR_CF: Cooling water flow/temperature out of spec: #CRLF;Cooling water flow/temperature out of spec:  11.2l/min/305.6K lies above limit curve (16);13
2023-03-13T23:22:57.071+0100;3;GYR_CF: Cooling water flow/temperature out of spec: #CRLF;Cooling water flow/temperature out of spec:  11.3l/min/305.6K lies above limit curve (16);13
2023-03-13T23:24:35.088+0100;3;GYR_CF: Cooling water flow/temperature out of spec: #CRLF;Cooling water flow/temperature out of spec:  11.4l/min/305.6K lies above limit curve (16);13
2023-03-13T23:36:55.207+0100;3;GYR_CF: Cooling water flow/temperature out of spec: #CRLF;Cooling water flow/temperature out of spec:  11.3l/min/305.6K lies above limit curve (16);13
2023-03-13T23:37:55.222+0100;3;GYR_CF: Cooling water flow/temperature out of spec: #CRLF;Cooling water flow/temperature out of spec:  11.3l/min/305.7K lies above limit curve (16);13
2023-03-13T23:39:51.236+0100;3;GYR_CF: Cooling water flow/temperature out of spec: #CRLF;Cooling water flow/temperature out of spec:  11.3l/min/305.7K lies above limit curve (16);13
2023-03-13T23:59:38.410+0100;3;GYR_CF: Cooling water flow/temperature out of spec: #CRLF;Cooling water flow/temperature out of spec:  11.2l/min/305.5K lies above limit curve (16);13
2023-03-14T00:00:51.422+0100;3;GYR_CF: Cooling water flow/temperature out of spec: #CRLF;Cooling water flow/temperature out of spec:  11.3l/min/305.6K lies above limit curve (16);13
2023-03-14T00:27:58.691+0100;3;GYR_CF: Cooling water flow/temperature out of spec: #CRLF;Cooling water flow/temperature out of spec:  11.4l/min/305.6K lies above limit curve (16);13
2023-03-14T06:53:47.486+0100;3;GYR_CF: Cooling water flow/temperature out of spec: #CRLF;Cooling water flow/temperature out of spec:  11.3l/min/305.5K lies above limit curve (16);13
2023-03-14T07:15:00.711+0100;3;GYR_CF: Cooling water flow/temperature out of spec: #CRLF;Cooling water flow/temperature out of spec:  11.3l/min/305.5K lies above limit curve (16);13
2023-03-14T10:24:18.559+0100;3;GYR_CF: Cooling water flow/temperature out of spec: #CRLF;Cooling water flow/temperature out of spec:   6.2l/min/304.9K lies above limit curve (16);13
2023-04-25T03:18:44.575+0200;3;GYR_CF: Cooling water flow too low: #CRLF;Compressor water flow below limit:   3.4l/min <= 4.5l/min (2);13
2023-04-25T04:30:06.276+0200;3;GYR_CF: Cooling water flow too low: #CRLF;Compressor water flow below limit:   2.2l/min <= 4.5l/min (2);13
2023-04-25T04:30:08.276+0200;3;GYR_CF: Cooling water flow/temperature out of spec: #CRLF;Cooling water flow/temperature out of spec:   2.3l/min/285.9K lies above limit curve (16);13
2023-04-25T04:31:18.288+0200;3;GYR_CF: Cooling water flow too low: #CRLF;Compressor water flow below limit:   2.4l/min <= 4.5l/min (2);13
2023-04-25T04:31:22.288+0200;3;GYR_CF: Cooling water flow/temperature out of spec: #CRLF;Cooling water flow/temperature out of spec:   2.5l/min/286.2K lies above limit curve (16);13
2023-04-25T11:02:20.128+0200;3;GYR_CF: Cooling water flow too low: #CRLF;Compressor water flow below limit:   2.9l/min <= 4.5l/min (2);13
