# timestamp ; field [FU] ; field [Hz] ; base frequency 1H [Hz]
2017-08-08T15:18:51.522+0200;-2494.76;-16251.84;600550000.00
2017-08-09T22:35:33.536+0200;-2494.76;-16251.84;600550000.00
2017-08-10T22:36:33.534+0200;-2494.76;-16251.84;600550000.00
2017-08-11T22:37:33.538+0200;-2494.76;-16251.84;600550000.00
2017-08-12T22:38:33.539+0200;-2494.76;-16251.84;600550000.00
2017-08-13T22:39:33.539+0200;-2494.76;-16251.84;600550000.00
2017-08-14T22:40:33.537+0200;-2494.76;-16251.84;600550000.00
2017-08-15T22:41:33.538+0200;-2494.76;-16251.84;600550000.00
2017-08-16T22:42:33.536+0200;-2494.76;-16251.84;600550000.00
2017-08-17T22:43:33.542+0200;-2494.76;-16251.84;600550000.00
2017-08-18T22:44:33.542+0200;-2494.76;-16251.84;600550000.00
2017-08-19T22:45:33.537+0200;-2494.76;-16251.84;600550000.00
2017-08-20T22:46:33.541+0200;-2494.76;-16251.84;600550000.00
2017-08-28T10:39:57.145+0200;-2496.74;-16264.76;600550000.00
2017-08-28T22:40:55.922+0200;-2491.92;-16233.39;600550000.00
2017-08-29T10:40:56.057+0200;-2498.27;-16274.75;600550000.00
2017-08-29T22:41:55.929+0200;-2516.83;-16395.62;600550000.00
2017-08-30T10:41:56.044+0200;-2501.59;-16296.33;600550000.00
2017-08-30T22:42:55.925+0200;-2498.88;-16278.70;600550000.00
2017-08-31T22:43:55.924+0200;-2496.08;-16260.45;600550000.00
2017-09-01T22:44:55.938+0200;-2497.73;-16271.20;600550000.00
2017-09-02T22:45:55.929+0200;-2498.36;-16275.34;600550000.00
2017-09-03T22:46:55.928+0200;-2499.01;-16279.57;600550000.00
2017-09-05T09:02:09.829+0200;-2499.01;-16279.57;600550000.00
2017-09-06T09:03:09.865+0200;-2499.01;-16279.57;600550000.00
2017-09-07T09:04:09.880+0200;-2499.01;-16279.57;600550000.00
2017-09-08T09:05:09.873+0200;-2499.01;-16279.57;600550000.00
2017-09-09T09:06:09.865+0200;-2499.01;-16279.57;600550000.00
2017-09-10T09:07:09.882+0200;-2499.01;-16279.57;600550000.00
2017-09-11T09:08:09.860+0200;-2499.01;-16279.57;600550000.00
2017-09-12T04:04:22.769+0200;-2478.92;-16148.68;600550000.00
2017-09-12T15:41:39.760+0200;-2518.52;-16406.64;600550000.00
2017-09-13T17:08:42.596+0200;-2506.72;-16329.75;600550000.00
2017-09-14T12:01:39.494+0200;-2513.76;-16375.63;600550000.00
2017-09-20T08:52:26.862+0200;-2509.54;-16348.15;600550000.00
2017-09-25T08:52:32.181+0200;-1857.59;-12101.07;600550000.00
2017-09-25T20:53:31.132+0200;-2500.47;-16289.06;600550000.00
2017-09-26T20:54:31.132+0200;-2504.90;-16317.94;600550000.00
2017-09-27T20:55:31.141+0200;-2505.09;-16319.16;600550000.00
2017-09-28T20:56:31.140+0200;-2500.24;-16287.54;600550000.00
2017-09-29T20:57:31.139+0200;-2499.61;-16283.48;600550000.00
2017-09-30T08:57:31.239+0200;-2502.92;-16304.99;600550000.00
2017-10-01T08:58:31.252+0200;-2502.08;-16299.56;600550000.00
2017-10-02T08:59:31.237+0200;-2501.65;-16296.75;600550000.00
2017-10-02T21:00:31.145+0200;-2498.63;-16277.10;600550000.00
2017-10-03T21:01:31.146+0200;-2500.53;-16289.48;600550000.00
2017-10-04T21:02:31.146+0200;-2501.29;-16294.40;600550000.00
2017-10-05T21:03:31.145+0200;-2500.71;-16290.65;600550000.00
2017-10-06T22:19:48.116+0200;-2502.65;-16303.25;600550000.00
2017-10-07T22:20:48.113+0200;-2502.64;-16303.23;600550000.00
2017-10-08T22:21:48.112+0200;-2502.64;-16303.23;600550000.00
2017-10-09T22:22:48.112+0200;-2502.93;-16305.12;600550000.00
2017-10-10T22:23:48.124+0200;-2503.12;-16306.32;600550000.00
2017-10-11T10:23:48.245+0200;-2509.00;-16344.64;600550000.00
2017-10-17T10:33:43.557+0200;-356.00;-2319.13;600550000.00
2017-10-17T22:34:42.226+0200;-2512.88;-16369.91;600550000.00
2017-10-18T22:35:42.221+0200;-2513.65;-16374.92;600550000.00
2017-10-19T22:36:42.226+0200;-2512.42;-16366.93;600550000.00
2017-10-20T22:37:42.216+0200;-2512.33;-16366.30;600550000.00
2017-10-21T22:38:42.227+0200;-2512.05;-16364.48;600550000.00
2017-10-22T22:39:42.229+0200;-2514.18;-16378.38;600550000.00
2017-10-23T10:39:42.346+0200;-2503.71;-16310.17;600550000.00
2017-10-23T22:40:42.229+0200;-2475.19;-16124.36;600550000.00
2017-10-25T08:49:05.711+0200;-2419.21;-15759.70;600550000.00
2017-10-26T08:49:59.789+0200;-2419.21;-15759.70;600550000.00
2017-10-27T08:50:59.800+0200;-2419.21;-15759.70;600550000.00
2017-10-28T14:14:06.474+0200;-2419.21;-15759.70;600550000.00
2017-10-29T13:15:06.453+0100;-2419.21;-15759.70;600550000.00
2017-10-30T13:16:06.483+0100;-2419.21;-15759.70;600550000.00
2017-10-31T13:17:06.450+0100;-2511.42;-16360.37;600550000.00
2017-11-01T01:18:06.359+0100;-2461.43;-16034.75;600550000.00
2017-11-02T01:19:06.358+0100;-2461.43;-16034.75;600550000.00
2017-11-03T01:20:06.369+0100;-2515.27;-16385.47;600550000.00
2017-11-04T01:21:06.369+0100;-2513.95;-16376.89;600550000.00
2017-11-05T01:22:06.365+0100;-2513.45;-16373.62;600550000.00
2017-11-06T01:23:06.373+0100;-2513.77;-16375.70;600550000.00
2017-11-06T12:13:03.629+0100;-2516.05;-16390.53;600550000.00
2017-11-07T00:14:00.446+0100;-2508.21;-16339.49;600550000.00
2017-11-08T00:15:00.436+0100;-2507.99;-16338.04;600550000.00
2017-11-09T00:16:00.444+0100;-2509.23;-16346.12;600550000.00
2017-11-10T00:17:00.446+0100;-2506.75;-16329.94;600550000.00
2017-11-10T12:17:00.550+0100;-2515.69;-16388.19;600550000.00
2017-11-11T00:18:00.439+0100;-2507.04;-16331.83;600550000.00
2017-11-12T00:19:00.448+0100;-2508.43;-16340.89;600550000.00
2017-11-13T00:20:00.442+0100;-2508.70;-16342.68;600550000.00
2017-11-14T02:39:25.604+0100;-2517.69;-16401.25;600550000.00
2017-11-15T02:40:25.621+0100;-2309.86;-15047.35;600550000.00
2017-11-15T14:40:25.708+0100;-2519.26;-16411.46;600550000.00
2017-11-16T02:41:25.601+0100;-2517.00;-16396.73;600550000.00
2017-11-16T14:41:25.744+0100;-2521.40;-16425.39;600550000.00
2017-11-17T02:42:25.608+0100;-2516.73;-16394.99;600550000.00
2017-11-17T14:42:25.718+0100;-2520.22;-16417.69;600550000.00
2017-11-18T02:43:25.600+0100;-2516.40;-16392.81;600550000.00
2017-11-19T02:44:25.602+0100;-2517.18;-16397.94;600550000.00
2017-11-20T02:45:25.599+0100;-2518.17;-16404.39;600550000.00
2017-11-27T09:03:30.268+0100;-2516.10;-16390.87;600550000.00
2017-11-27T21:04:23.170+0100;-2507.87;-16337.25;600550000.00
2017-11-28T21:05:23.194+0100;-2510.76;-16356.12;600550000.00
2017-11-29T21:06:23.165+0100;-2510.45;-16354.07;600550000.00
2017-11-30T21:07:23.175+0100;-2509.65;-16348.87;600550000.00
2017-12-01T21:08:23.175+0100;-2508.39;-16340.67;600550000.00
2017-12-02T21:09:23.173+0100;-2508.07;-16338.56;600550000.00
2017-12-03T21:10:23.181+0100;-2506.71;-16329.71;600550000.00
2017-12-04T21:11:23.170+0100;-2506.24;-16326.65;600550000.00
2017-12-06T15:43:48.889+0100;-2534.59;-16511.37;600550000.00
2017-12-11T08:07:09.755+0100;-2471.59;-16100.92;600550000.00
2017-12-11T20:08:07.212+0100;-2536.57;-16524.24;600550000.00
2017-12-12T08:08:07.319+0100;-2534.49;-16510.67;600550000.00
2017-12-13T08:09:07.310+0100;-2533.51;-16504.29;600550000.00
2017-12-14T08:10:07.310+0100;-2534.77;-16512.48;600550000.00
2017-12-15T08:11:07.317+0100;-2535.24;-16515.54;600550000.00
2017-12-15T22:38:03.680+0100;-2526.49;-16458.58;600550000.00
2017-12-16T22:39:03.686+0100;-2523.46;-16438.82;600550000.00
2017-12-17T22:40:03.682+0100;-2522.22;-16430.72;600550000.00
2017-12-18T22:41:03.692+0100;-2520.12;-16417.05;600550000.00
2017-12-19T22:43:03.691+0100;-2519.36;-16412.15;600550000.00
2017-12-20T22:45:03.689+0100;-2520.38;-16418.75;600550000.00
2018-01-04T15:25:47.409+0100;-2527.67;-16466.25;600550000.00
2018-01-05T03:26:42.000+0100;-2525.66;-16453.18;600550000.00
2018-01-05T15:26:42.123+0100;-2528.14;-16469.29;600550000.00
2018-01-06T15:27:42.115+0100;-2530.16;-16482.49;600550000.00
2018-01-07T15:28:42.142+0100;-2529.78;-16480.01;600550000.00
2018-01-08T03:29:42.005+0100;-2526.76;-16460.29;600550000.00
2018-01-09T03:30:42.017+0100;-2525.71;-16453.48;600550000.00
2018-01-10T03:31:42.001+0100;-2525.83;-16454.28;600550000.00
2018-01-16T09:59:42.742+0100;-2532.99;-16500.93;600550000.00
2018-01-16T22:00:41.755+0100;-2552.23;-16626.27;600550000.00
2018-01-17T10:00:41.860+0100;-2637.97;-17184.79;600550000.00
2018-01-17T22:01:41.762+0100;-2532.95;-16500.68;600550000.00
2018-01-18T20:28:43.772+0100;-2525.69;-16453.36;600550000.00
2018-01-19T20:29:43.768+0100;-2526.31;-16457.38;600550000.00
2018-01-20T20:30:43.778+0100;-2528.08;-16468.94;600550000.00
2018-01-21T20:31:43.777+0100;-2526.89;-16461.16;600550000.00
2018-01-22T23:57:38.933+0100;-2533.93;-16507.00;600550000.00
2018-01-23T23:58:38.936+0100;-2530.68;-16485.88;600550000.00
2018-01-24T15:27:26.569+0100;-2533.16;-16501.99;600550000.00
2018-01-25T15:28:23.681+0100;-2535.65;-16518.23;600550000.00
2018-01-26T15:29:23.680+0100;-2533.79;-16506.13;600550000.00
2018-01-27T15:30:23.676+0100;-2532.78;-16499.54;600550000.00
2018-01-28T15:31:23.677+0100;-2532.43;-16497.25;600550000.00
2018-02-05T08:51:34.320+0100;-2535.90;-16519.87;600550000.00
2018-02-06T08:52:31.425+0100;-2535.10;-16514.63;600550000.00
2018-02-07T08:53:31.441+0100;-2527.65;-16466.15;600550000.00
2018-02-07T20:54:31.326+0100;-2534.19;-16508.71;600550000.00
2018-02-08T20:55:31.335+0100;-2533.40;-16503.57;600550000.00
2018-02-09T20:56:31.335+0100;-2534.72;-16512.17;600550000.00
2018-02-10T20:57:31.332+0100;-2534.31;-16509.51;600550000.00
2018-02-11T20:58:31.329+0100;-2535.54;-16517.51;600550000.00
2018-02-12T21:25:34.924+0100;-2535.51;-16517.33;600550000.00
2018-02-13T11:58:17.666+0100;-2559.16;-16671.42;600550000.00
2018-02-13T23:59:15.665+0100;-2536.93;-16526.59;600550000.00
2018-02-15T00:00:15.663+0100;-2539.62;-16544.08;600550000.00
2018-02-15T12:00:15.775+0100;-2537.11;-16527.72;600550000.00
2018-02-19T09:01:42.278+0100;-2547.29;-16594.09;600550000.00
2018-02-19T21:22:46.521+0100;-2535.49;-16517.17;600550000.00
2018-02-20T21:23:46.521+0100;-2535.37;-16516.40;600550000.00
2018-02-21T16:43:55.421+0100;-2529.12;-16475.72;600550000.00
2018-02-22T04:44:54.311+0100;-2532.53;-16497.94;600550000.00
2018-02-22T16:44:54.431+0100;-2535.49;-16517.20;600550000.00
2018-02-23T16:45:54.412+0100;-2530.94;-16487.55;600550000.00
2018-02-24T04:46:54.308+0100;-2536.99;-16526.98;600550000.00
2018-02-25T04:47:54.302+0100;-2535.47;-16517.09;600550000.00
2018-02-26T04:48:54.302+0100;-2536.07;-16521.00;600550000.00
2018-02-26T21:09:26.766+0100;-2540.44;-16549.43;600550000.00
2018-02-27T21:10:26.756+0100;-2540.75;-16551.46;600550000.00
2018-02-28T21:11:26.759+0100;-2541.81;-16558.37;600550000.00
2018-03-01T21:12:26.756+0100;-2545.56;-16582.78;600550000.00
2018-03-02T21:13:26.760+0100;-2543.19;-16567.32;600550000.00
2018-03-03T21:14:26.757+0100;-2542.89;-16565.38;600550000.00
2018-03-04T21:15:26.761+0100;-2542.90;-16565.44;600550000.00
2018-03-12T08:51:51.102+0100;-2532.64;-16498.61;600550000.00
2018-03-13T08:52:46.141+0100;-2527.67;-16466.24;600550000.00
2018-03-13T20:53:46.017+0100;-2533.43;-16503.78;600550000.00
2018-03-14T08:53:46.128+0100;-2530.51;-16484.74;600550000.00
2018-03-14T20:54:46.018+0100;-2536.89;-16526.29;600550000.00
2018-03-15T20:55:46.015+0100;-2533.69;-16505.46;600550000.00
2018-03-16T20:56:46.013+0100;-2535.26;-16515.67;600550000.00
2018-03-17T20:57:46.041+0100;-2535.76;-16518.93;600550000.00
2018-03-18T20:58:46.011+0100;-2535.00;-16513.99;600550000.00
2018-03-21T12:51:42.213+0100;-1023.91;-6670.19;600550000.00
2018-03-22T09:42:13.894+0100;-460.98;-3003.01;600550000.00
2018-03-22T21:42:50.270+0100;-2540.91;-16552.54;600550000.00
2018-03-23T21:43:50.273+0100;-2541.67;-16557.43;600550000.00
2018-03-24T09:43:50.388+0100;-2544.55;-16576.22;600550000.00
2018-03-25T10:44:50.383+0200;-2543.06;-16566.53;600550000.00
2018-03-26T10:45:50.373+0200;-2531.92;-16493.94;600550000.00
2018-03-26T22:46:50.272+0200;-2476.85;-16135.21;600550000.00
2018-04-03T09:47:36.617+0200;-2505.45;-16321.51;600550000.00
2018-04-03T21:48:12.599+0200;-2541.15;-16554.09;600550000.00
2018-04-04T21:49:12.611+0200;-2540.44;-16549.46;600550000.00
2018-04-05T09:50:12.601+0200;-2537.07;-16527.51;600550000.00
2018-04-05T21:51:12.618+0200;-2540.36;-16548.94;600550000.00
2018-04-06T21:53:12.602+0200;-2540.74;-16551.39;600550000.00
2018-04-07T21:55:12.647+0200;-2541.36;-16555.42;600550000.00
2018-04-08T21:57:12.610+0200;-2541.85;-16558.61;600550000.00
2018-04-09T21:59:12.609+0200;-2541.85;-16558.63;600550000.00
2018-04-10T22:01:12.612+0200;-2540.93;-16552.63;600550000.00
2018-04-11T10:02:12.661+0200;-2543.33;-16568.30;600550000.00
2018-04-12T09:58:24.405+0200;-2493.54;-16243.89;600550000.00
2018-04-12T21:59:01.299+0200;-2103.83;-13705.21;600550000.00
2018-04-13T09:59:01.414+0200;-1727.50;-11253.60;600550000.00
2018-04-13T22:00:01.299+0200;-2511.93;-16363.73;600550000.00
2018-04-14T10:00:01.388+0200;-2220.91;-14467.90;600550000.00
2018-04-14T22:01:01.297+0200;-1926.20;-12548.02;600550000.00
2018-04-15T10:01:01.382+0200;-1625.54;-10589.42;600550000.00
2018-04-15T22:02:01.297+0200;-1324.36;-8627.40;600550000.00
2018-04-30T08:32:50.986+0200;-2546.20;-16586.98;600550000.00
2018-05-01T08:33:24.451+0200;-2544.24;-16574.19;600550000.00
2018-05-02T08:34:24.440+0200;-2544.74;-16577.42;600550000.00
2018-05-04T07:55:08.054+0200;-2527.53;-16465.35;600550000.00
2018-05-04T19:55:40.800+0200;-2547.28;-16593.99;600550000.00
2018-05-05T19:56:40.798+0200;-2547.35;-16594.45;600550000.00
2018-05-06T19:57:40.807+0200;-2548.07;-16599.12;600550000.00
2018-05-07T19:58:40.801+0200;-2557.87;-16663.00;600550000.00
2018-05-08T19:59:40.800+0200;-2558.67;-16668.21;600550000.00
2018-05-09T20:00:40.813+0200;-2553.59;-16635.11;600550000.00
2018-05-10T20:01:40.803+0200;-2552.09;-16625.31;600550000.00
2018-05-11T20:02:40.801+0200;-2557.71;-16661.92;600550000.00
2018-05-12T20:03:40.819+0200;-2558.24;-16665.41;600550000.00
2018-05-13T20:04:40.812+0200;-2557.43;-16660.11;600550000.00
2018-05-15T08:58:27.495+0200;-2557.97;-16663.62;600550000.00
2018-05-16T14:49:27.050+0200;-2548.37;-16601.09;600550000.00
2018-05-17T02:50:26.959+0200;-2541.90;-16558.93;600550000.00
2018-05-17T14:50:27.128+0200;-2548.19;-16599.92;600550000.00
2018-05-18T14:51:27.064+0200;-2546.41;-16588.34;600550000.00
2018-05-19T14:52:27.058+0200;-2551.10;-16618.89;600550000.00
2018-05-20T02:53:26.953+0200;-2548.84;-16604.18;600550000.00
2018-05-21T02:54:26.948+0200;-2549.31;-16607.25;600550000.00
2018-05-22T02:55:26.955+0200;-2543.30;-16568.10;600550000.00
2018-05-24T14:59:50.583+0200;-2553.12;-16632.05;600550000.00
2018-05-25T03:00:28.880+0200;-2548.68;-16603.13;600550000.00
2018-05-26T03:01:28.880+0200;-2549.41;-16607.87;600550000.00
2018-05-27T03:02:28.890+0200;-2549.06;-16605.59;600550000.00
2018-05-28T03:03:28.893+0200;-2549.38;-16607.65;600550000.00
2018-05-30T08:28:51.768+0200;-2532.33;-16496.61;600550000.00
2018-05-30T20:29:29.429+0200;-2549.98;-16611.57;600550000.00
2018-05-31T20:30:29.431+0200;-2549.95;-16611.37;600550000.00
2018-06-01T20:31:29.420+0200;-2549.15;-16606.17;600550000.00
2018-06-02T20:32:29.427+0200;-2549.72;-16609.89;600550000.00
2018-06-03T20:33:29.431+0200;-2550.28;-16613.55;600550000.00
2018-06-04T22:38:39.361+0200;-2551.66;-16622.50;600550000.00
2018-06-06T02:52:22.244+0200;-2550.86;-16617.31;600550000.00
2018-06-07T02:53:22.230+0200;-2550.18;-16612.87;600550000.00
2018-06-08T02:54:22.221+0200;-2547.87;-16597.83;600550000.00
2018-06-09T02:55:22.230+0200;-2549.26;-16606.88;600550000.00
2018-06-10T02:56:22.224+0200;-2549.62;-16609.25;600550000.00
2018-06-11T02:57:22.226+0200;-2549.16;-16606.22;600550000.00
2018-07-02T08:34:52.249+0200;-2542.59;-16563.43;600550000.00
2018-07-02T20:35:28.989+0200;-2552.23;-16626.24;600550000.00
2018-07-03T20:36:28.993+0200;-2547.84;-16597.62;600550000.00
2018-07-04T08:36:29.103+0200;-2551.53;-16621.72;600550000.00
2018-07-05T08:37:29.099+0200;-2552.19;-16625.97;600550000.00
2018-07-06T08:38:29.103+0200;-2551.04;-16618.48;600550000.00
2018-07-07T08:39:29.121+0200;-2549.57;-16608.91;600550000.00
2018-07-08T08:40:29.135+0200;-2549.49;-16608.40;600550000.00
2018-07-09T08:41:29.102+0200;-2549.37;-16607.61;600550000.00
2018-07-09T09:48:05.480+0200;-2545.14;-16580.06;600550000.00
2018-07-09T21:48:42.511+0200;-2557.74;-16662.16;600550000.00
2018-07-10T21:49:42.521+0200;-2557.71;-16661.94;600550000.00
2018-07-11T21:50:42.521+0200;-2557.58;-16661.07;600550000.00
2018-07-12T09:50:42.628+0200;-2560.14;-16677.80;600550000.00
2018-07-13T09:51:42.630+0200;-2560.93;-16682.92;600550000.00
2018-07-13T21:52:42.518+0200;-2556.68;-16655.25;600550000.00
2018-07-14T21:53:42.522+0200;-2558.24;-16665.43;600550000.00
2018-07-15T21:54:42.520+0200;-2558.34;-16666.06;600550000.00
2018-07-20T09:44:56.886+0200;-2554.95;-16643.94;600550000.00
2018-07-20T21:45:34.869+0200;-2557.48;-16660.45;600550000.00
2018-07-21T21:46:34.864+0200;-2560.25;-16678.50;600550000.00
2018-07-22T21:47:34.868+0200;-2560.50;-16680.10;600550000.00
2018-07-24T16:04:05.839+0200;-2559.63;-16674.48;600550000.00
2018-07-26T10:41:21.778+0200;-2559.63;-16674.48;600550000.00
2018-07-27T10:41:59.006+0200;-2559.63;-16674.48;600550000.00
2018-07-28T10:42:59.020+0200;-2559.63;-16674.48;600550000.00
2018-07-29T10:43:59.011+0200;-2559.63;-16674.48;600550000.00
2018-08-01T10:34:31.776+0200;-2558.04;-16664.12;600550000.00
2018-08-01T22:35:09.418+0200;-2555.69;-16648.79;600550000.00
2018-08-02T10:35:09.522+0200;-2506.95;-16331.28;600550000.00
2018-08-02T22:36:09.428+0200;-2556.74;-16655.65;600550000.00
2018-08-03T22:37:09.432+0200;-2557.70;-16661.88;600550000.00
2018-08-04T22:38:09.446+0200;-2557.70;-16661.86;600550000.00
2018-08-05T22:39:09.422+0200;-2557.70;-16661.86;600550000.00
2018-08-07T02:56:31.972+0200;-2557.92;-16663.32;600550000.00
2018-08-09T14:48:11.832+0200;-2560.83;-16682.25;600550000.00
2018-08-10T02:48:48.281+0200;-2557.83;-16662.70;600550000.00
2018-08-11T02:49:48.275+0200;-2557.77;-16662.35;600550000.00
2018-08-12T02:50:48.278+0200;-2556.90;-16656.69;600550000.00
2018-08-13T02:51:48.290+0200;-2557.99;-16663.75;600550000.00
2018-08-20T09:15:22.714+0200;-2549.59;-16609.06;600550000.00
2018-08-20T09:41:34.050+0200;-2552.99;-16631.22;600550000.00
2018-08-20T21:42:08.685+0200;-2556.53;-16654.27;600550000.00
2018-08-21T21:43:08.703+0200;-2555.88;-16650.03;600550000.00
2018-08-22T21:44:08.700+0200;-2557.08;-16657.86;600550000.00
2018-08-23T21:45:08.699+0200;-2557.88;-16663.07;600550000.00
2018-08-24T21:46:08.711+0200;-2556.48;-16653.95;600550000.00
2018-08-25T21:47:08.697+0200;-2556.77;-16655.83;600550000.00
2018-08-26T21:48:08.698+0200;-2557.20;-16658.63;600550000.00
2018-08-27T21:49:08.704+0200;-2557.19;-16658.55;600550000.00
2018-08-28T09:04:05.700+0200;-2561.65;-16687.63;600550000.00
2018-08-28T21:15:53.498+0200;-2523.26;-16437.52;600550000.00
2018-08-29T21:16:53.502+0200;-2556.03;-16650.99;600550000.00
2018-08-30T21:17:53.511+0200;-2555.84;-16649.78;600550000.00
2018-08-31T21:18:53.498+0200;-2555.38;-16646.74;600550000.00
2018-09-01T21:19:53.505+0200;-2555.62;-16648.33;600550000.00
2018-09-02T21:20:53.502+0200;-2556.44;-16653.69;600550000.00
2018-09-03T21:21:53.497+0200;-2558.25;-16665.46;600550000.00
2018-09-04T11:09:11.382+0200;-2556.02;-16650.92;600550000.00
2018-09-05T10:17:07.962+0200;-2562.00;-16689.87;600550000.00
2018-09-05T23:08:35.237+0200;-2559.10;-16671.03;600550000.00
2018-09-06T11:08:35.335+0200;-2521.27;-16424.55;600550000.00
2018-09-06T23:09:35.236+0200;-2556.75;-16655.72;600550000.00
2018-09-07T21:23:53.047+0200;-2560.59;-16680.70;600550000.00
2018-09-08T21:24:53.053+0200;-2559.25;-16671.95;600550000.00
2018-09-09T21:25:53.054+0200;-2562.60;-16693.83;600550000.00
2018-09-10T22:56:58.532+0200;-2560.12;-16677.65;600550000.00
2018-09-11T22:57:58.538+0200;-2561.66;-16687.69;600550000.00
2018-09-12T22:58:58.534+0200;-2563.73;-16701.14;600550000.00
2018-09-13T22:59:58.532+0200;-2564.90;-16708.75;600550000.00
2018-09-14T10:59:58.625+0200;-2560.95;-16683.03;600550000.00
2018-09-15T11:00:58.640+0200;-2559.32;-16672.42;600550000.00
2018-09-16T11:01:58.657+0200;-2560.74;-16681.71;600550000.00
2018-09-24T09:15:15.582+0200;-2558.15;-16664.83;600550000.00
2018-09-25T09:15:52.551+0200;-2552.62;-16628.77;600550000.00
2018-09-25T21:16:52.444+0200;-2559.69;-16674.85;600550000.00
2018-09-26T21:17:52.441+0200;-2560.24;-16678.40;600550000.00
2018-09-27T21:18:52.458+0200;-2738.42;-17839.13;600550000.00
2018-09-28T09:15:56.224+0200;-2547.67;-16596.54;600550000.00
2018-09-28T09:22:23.399+0200;-2544.23;-16574.12;600550000.00
2018-09-28T21:23:02.422+0200;-2565.26;-16711.15;600550000.00
2018-09-29T21:24:02.425+0200;-2564.18;-16704.12;600550000.00
2018-09-30T21:25:02.415+0200;-2564.18;-16704.12;600550000.00
2018-10-01T09:25:02.533+0200;-2561.58;-16687.16;600550000.00
2018-10-08T10:44:33.471+0200;-2523.53;-16439.27;600550000.00
2018-10-08T22:45:12.493+0200;-2566.53;-16719.42;600550000.00
2018-10-09T22:46:12.501+0200;-2566.37;-16718.35;600550000.00
2018-10-10T10:46:12.610+0200;-2531.22;-16489.39;600550000.00
2018-10-10T22:47:12.486+0200;-2480.59;-16159.56;600550000.00
2018-10-11T10:47:12.608+0200;-2429.91;-15829.41;600550000.00
2018-10-11T22:48:12.497+0200;-2566.98;-16722.35;600550000.00
2018-10-12T22:49:12.496+0200;-2562.66;-16694.18;600550000.00
2018-10-13T22:50:12.493+0200;-2562.66;-16694.18;600550000.00
2018-10-14T22:51:12.499+0200;-2562.66;-16694.18;600550000.00
2018-10-15T20:01:52.361+0200;-2565.31;-16711.46;600550000.00
2018-10-16T20:02:52.401+0200;-2564.28;-16704.71;600550000.00
2018-10-17T08:02:52.487+0200;-2562.18;-16691.07;600550000.00
2018-10-17T20:03:52.373+0200;-2565.28;-16711.28;600550000.00
2018-10-18T20:04:52.367+0200;-2564.51;-16706.23;600550000.00
2018-10-19T20:05:52.383+0200;-2528.76;-16473.35;600550000.00
2018-10-20T08:05:52.522+0200;-2712.13;-17667.93;600550000.00
2018-10-21T08:06:52.481+0200;-2711.72;-17665.25;600550000.00
2018-10-29T09:31:32.350+0100;-2562.54;-16693.42;600550000.00
2018-10-29T21:32:05.953+0100;-2572.13;-16755.89;600550000.00
2018-10-30T09:32:06.054+0100;-2565.73;-16714.21;600550000.00
2018-10-30T21:33:05.958+0100;-2569.52;-16738.90;600550000.00
2018-10-31T21:34:05.952+0100;-2567.58;-16726.27;600550000.00
2018-11-01T21:35:05.958+0100;-2569.57;-16739.22;600550000.00
2018-11-02T09:59:14.944+0100;-2565.40;-16712.04;600550000.00
2018-11-03T09:59:49.068+0100;-2567.35;-16724.76;600550000.00
2018-11-04T10:00:49.066+0100;-2569.41;-16738.18;600550000.00
2018-11-05T10:01:49.059+0100;-2569.88;-16741.23;600550000.00
2018-11-05T22:02:48.963+0100;-2575.64;-16778.74;600550000.00
2018-11-06T10:02:49.121+0100;-2573.56;-16765.21;600550000.00
2018-11-07T10:03:49.099+0100;-2567.66;-16726.75;600550000.00
2018-11-07T22:04:48.965+0100;-2573.14;-16762.47;600550000.00
2018-11-08T22:05:48.966+0100;-2574.48;-16771.16;600550000.00
2018-11-09T10:05:49.061+0100;-2570.97;-16748.33;600550000.00
2018-11-10T10:07:48.959+0100;-2570.25;-16743.65;600550000.00
2018-11-10T22:08:48.961+0100;-2576.08;-16781.60;600550000.00
2018-11-11T10:09:48.959+0100;-2573.54;-16765.04;600550000.00
2018-11-11T22:10:48.969+0100;-2575.86;-16780.15;600550000.00
2018-11-13T01:48:10.095+0100;-2575.73;-16779.36;600550000.00
2018-11-14T01:49:10.088+0100;-2575.73;-16779.36;600550000.00
2018-11-19T08:46:10.489+0100;-2563.28;-16698.23;600550000.00
2018-11-20T08:46:51.415+0100;-2561.71;-16688.00;600550000.00
2018-11-20T20:47:51.325+0100;-2586.76;-16851.22;600550000.00
2018-11-21T20:48:51.326+0100;-2585.03;-16839.95;600550000.00
2018-11-22T08:48:51.420+0100;-2580.34;-16809.39;600550000.00
2018-11-22T20:49:51.318+0100;-2584.39;-16835.75;600550000.00
2018-11-23T20:50:51.334+0100;-2587.09;-16853.32;600550000.00
2018-11-24T20:52:51.329+0100;-2586.06;-16846.62;600550000.00
2018-11-25T20:54:51.332+0100;-2587.83;-16858.15;600550000.00
2018-11-26T21:32:17.128+0100;-2581.79;-16818.79;600550000.00
2018-11-29T09:45:09.940+0100;-2580.25;-16808.77;600550000.00
2018-11-30T20:51:25.640+0100;-2584.58;-16836.97;600550000.00
2018-12-01T20:52:25.641+0100;-2584.52;-16836.63;600550000.00
2018-12-02T20:53:25.638+0100;-2584.52;-16836.63;600550000.00
2018-12-03T20:54:25.649+0100;-2585.44;-16842.59;600550000.00
2018-12-04T12:28:34.358+0100;-2580.30;-16809.11;600550000.00
2018-12-05T12:29:08.462+0100;-2580.30;-16809.11;600550000.00
2018-12-06T00:30:08.354+0100;-2555.66;-16648.56;600550000.00
2018-12-11T08:55:09.448+0100;-2564.32;-16704.98;600550000.00
2018-12-11T14:03:02.014+0100;-2552.96;-16631.03;600550000.00
2018-12-12T02:03:39.728+0100;-2567.54;-16725.96;600550000.00
2018-12-17T08:11:17.249+0100;-2518.17;-16404.37;600550000.00
2018-12-17T20:11:56.703+0100;-2568.20;-16730.27;600550000.00
2018-12-18T08:11:56.817+0100;-2562.07;-16690.36;600550000.00
2018-12-19T08:12:56.821+0100;-2561.10;-16684.05;600550000.00
2019-01-02T08:54:45.640+0100;-2564.76;-16707.89;600550000.00
2019-01-02T20:55:26.062+0100;-2555.82;-16649.63;600550000.00
2019-01-03T20:56:26.063+0100;-2559.77;-16675.37;600550000.00
2019-01-04T08:56:26.194+0100;-2214.02;-14423.04;600550000.00
2019-01-04T20:57:26.067+0100;-2554.72;-16642.44;600550000.00
2019-01-05T20:58:26.070+0100;-2555.34;-16646.50;600550000.00
2019-01-06T20:59:26.068+0100;-2554.37;-16640.16;600550000.00
2019-01-07T21:00:26.067+0100;-2554.09;-16638.33;600550000.00
2019-01-08T16:34:06.612+0100;-2560.87;-16682.55;600550000.00
2019-01-09T04:34:43.876+0100;-2563.08;-16696.95;600550000.00
2019-01-10T04:35:43.880+0100;-2561.89;-16689.20;600550000.00
2019-01-10T16:35:43.988+0100;-2557.99;-16663.74;600550000.00
2019-01-11T16:36:44.024+0100;-2559.03;-16670.54;600550000.00
2019-01-12T04:37:43.873+0100;-2561.63;-16687.49;600550000.00
2019-01-12T16:37:43.983+0100;-2559.10;-16670.97;600550000.00
2019-01-13T16:38:44.000+0100;-2560.85;-16682.38;600550000.00
2019-01-16T07:53:45.952+0100;-2543.12;-16566.87;600550000.00
2019-01-21T09:04:41.588+0100;-2562.91;-16695.80;600550000.00
2019-01-21T09:18:30.108+0100;-2559.69;-16674.85;600550000.00
2019-01-21T21:19:07.540+0100;-2561.97;-16689.68;600550000.00
2019-01-22T09:19:07.690+0100;-2557.13;-16658.18;600550000.00
2019-01-22T21:20:07.546+0100;-2565.23;-16710.91;600550000.00
2019-01-23T21:21:07.546+0100;-2565.77;-16714.47;600550000.00
2019-01-24T21:22:07.553+0100;-2563.92;-16702.40;600550000.00
2019-01-25T21:23:07.552+0100;-2563.57;-16700.12;600550000.00
2019-01-26T21:24:07.569+0100;-2565.47;-16712.53;600550000.00
2019-01-27T21:25:07.559+0100;-2565.80;-16714.63;600550000.00
2019-01-29T09:50:12.823+0100;-2556.54;-16654.35;600550000.00
2019-02-11T09:44:45.947+0100;-2559.63;-16674.44;600550000.00
2019-02-11T21:45:27.097+0100;-2574.68;-16772.52;600550000.00
2019-02-12T09:45:27.209+0100;-2517.75;-16401.66;600550000.00
2019-02-12T21:46:27.097+0100;-2577.21;-16789.00;600550000.00
2019-02-13T21:47:27.096+0100;-2579.86;-16806.27;600550000.00
2019-02-14T21:48:27.101+0100;-2519.43;-16412.59;600550000.00
2019-02-15T21:49:27.098+0100;-2582.55;-16823.74;600550000.00
2019-02-16T21:50:27.106+0100;-2582.71;-16824.78;600550000.00
2019-02-17T21:51:27.097+0100;-2583.45;-16829.63;600550000.00
2019-02-19T09:00:13.975+0100;-2583.32;-16828.80;600550000.00
2019-02-20T09:01:13.984+0100;-2574.92;-16774.04;600550000.00
2019-02-21T09:02:13.978+0100;-2574.30;-16770.01;600550000.00
2019-02-21T21:03:13.897+0100;-2581.47;-16816.73;600550000.00
2019-02-23T04:29:48.981+0100;-2575.37;-16777.00;600550000.00
2019-02-24T04:30:48.973+0100;-2576.33;-16783.25;600550000.00
2019-02-25T04:31:48.966+0100;-2574.29;-16769.93;600550000.00
2019-03-04T09:21:13.672+0100;-2514.29;-16379.12;600550000.00
2019-03-04T21:21:53.635+0100;-2587.69;-16857.27;600550000.00
2019-03-05T09:21:53.742+0100;-2584.97;-16839.52;600550000.00
2019-03-05T21:22:53.640+0100;-2587.79;-16857.92;600550000.00
2019-03-06T21:23:53.632+0100;-2590.42;-16875.04;600550000.00
2019-03-07T09:23:53.744+0100;-2584.22;-16834.62;600550000.00
2019-03-08T09:24:53.781+0100;-2582.35;-16822.48;600550000.00
2019-03-09T09:25:53.752+0100;-2581.70;-16818.21;600550000.00
2019-03-10T09:26:53.737+0100;-2582.13;-16821.04;600550000.00
2019-03-11T20:32:43.726+0100;-2576.37;-16783.49;600550000.00
2019-03-12T20:33:43.735+0100;-2578.13;-16794.94;600550000.00
2019-03-13T20:34:43.765+0100;-2580.53;-16810.62;600550000.00
2019-03-25T08:35:24.705+0100;-2590.06;-16872.70;600550000.00
2019-03-25T20:36:04.021+0100;-2578.53;-16797.56;600550000.00
2019-03-26T20:37:04.034+0100;-2579.84;-16806.11;600550000.00
2019-03-27T20:38:04.038+0100;-2578.46;-16797.10;600550000.00
2019-03-28T20:39:04.030+0100;-2578.95;-16800.33;600550000.00
2019-03-29T20:40:04.027+0100;-2580.92;-16813.16;600550000.00
2019-03-30T20:41:04.029+0100;-2581.87;-16819.34;600550000.00
2019-03-31T21:42:04.032+0200;-2582.75;-16825.09;600550000.00
2019-04-01T09:42:04.131+0200;-2580.28;-16808.98;600550000.00
2019-04-02T09:44:04.029+0200;-2582.44;-16823.02;600550000.00
2019-04-03T09:46:04.033+0200;-2584.15;-16834.20;600550000.00
2019-04-04T09:48:04.027+0200;-2584.29;-16835.09;600550000.00
2019-04-05T09:50:04.032+0200;-2582.25;-16821.84;600550000.00
2019-04-05T21:51:04.056+0200;-2580.21;-16808.55;600550000.00
2019-04-06T21:53:04.031+0200;-2579.84;-16806.11;600550000.00
2019-04-07T21:55:04.032+0200;-2578.91;-16800.07;600550000.00
2019-04-08T09:02:37.784+0200;-2541.09;-16553.65;600550000.00
2019-04-08T15:45:14.456+0200;-2574.27;-16769.82;600550000.00
2019-04-09T03:45:58.468+0200;-2582.68;-16824.63;600550000.00
2019-04-09T09:38:40.484+0200;-2577.15;-16788.62;600550000.00
2019-04-16T09:31:25.326+0200;-2549.89;-16611.00;600550000.00
2019-04-16T21:32:05.552+0200;-2583.48;-16829.82;600550000.00
2019-04-17T09:32:05.656+0200;-2579.33;-16802.77;600550000.00
2019-04-19T09:24:52.939+0200;-2560.58;-16680.61;600550000.00
2019-04-19T21:25:26.713+0200;-2582.14;-16821.08;600550000.00
2019-04-20T21:26:26.713+0200;-2583.74;-16831.49;600550000.00
2019-04-21T21:27:26.704+0200;-2585.21;-16841.06;600550000.00
2019-04-22T21:28:26.712+0200;-2587.48;-16855.88;600550000.00
2019-04-23T09:28:26.809+0200;-2584.22;-16834.65;600550000.00
2019-04-24T09:30:26.724+0200;-2584.17;-16834.29;600550000.00
2019-04-25T09:32:26.714+0200;-2583.73;-16831.48;600550000.00
2019-04-26T09:34:26.717+0200;-2582.80;-16825.42;600550000.00
2019-04-27T09:36:26.723+0200;-2582.21;-16821.53;600550000.00
2019-04-28T09:38:26.729+0200;-2581.50;-16816.91;600550000.00
2019-04-29T09:40:26.728+0200;-2583.82;-16832.01;600550000.00
2019-04-30T09:41:26.815+0200;-2582.92;-16826.17;600550000.00
2019-05-01T09:43:26.725+0200;-2581.74;-16818.48;600550000.00
2019-05-06T09:17:24.714+0200;-2565.19;-16710.65;600550000.00
2019-05-06T12:01:04.700+0200;-2579.08;-16801.14;600550000.00
2019-05-07T00:01:45.770+0200;-2583.29;-16828.57;600550000.00
2019-05-07T12:01:45.856+0200;-2580.99;-16813.61;600550000.00
2019-05-08T00:02:45.766+0200;-2584.08;-16833.71;600550000.00
2019-05-09T00:03:45.764+0200;-2585.38;-16842.19;600550000.00
2019-05-10T00:04:45.765+0200;-2582.59;-16824.01;600550000.00
2019-05-11T00:05:45.773+0200;-2584.03;-16833.43;600550000.00
2019-05-12T00:06:45.780+0200;-2581.58;-16817.45;600550000.00
2019-05-13T00:07:45.771+0200;-2581.98;-16820.04;600550000.00
2019-05-13T10:04:34.595+0200;-2575.30;-16776.53;600550000.00
2019-05-13T22:05:18.300+0200;-2582.99;-16826.66;600550000.00
2019-05-14T22:06:18.302+0200;-2584.18;-16834.40;600550000.00
2019-05-16T08:28:04.492+0200;-2585.30;-16841.65;600550000.00
2019-05-17T08:29:04.476+0200;-2586.20;-16847.57;600550000.00
2019-05-18T08:30:04.467+0200;-2586.06;-16846.60;600550000.00
2019-05-19T08:31:04.500+0200;-2586.28;-16848.08;600550000.00
2019-05-20T15:47:09.909+0200;-2586.26;-16847.95;600550000.00
2019-05-21T15:48:08.967+0200;-2586.26;-16847.95;600550000.00
2019-06-03T12:21:55.085+0200;-2587.20;-16854.08;600550000.00
2019-06-04T12:22:34.820+0200;-2586.56;-16849.91;600550000.00
2019-06-05T12:23:34.845+0200;-2588.66;-16863.57;600550000.00
2019-06-24T09:03:04.708+0200;-2598.38;-16926.91;600550000.00
2019-06-24T21:03:48.216+0200;-2588.99;-16865.73;600550000.00
2019-06-25T21:04:48.219+0200;-2584.38;-16835.68;600550000.00
2019-06-26T21:05:48.216+0200;-2584.75;-16838.11;600550000.00
2019-06-27T21:06:48.213+0200;-2585.50;-16842.98;600550000.00
2019-06-28T21:07:48.224+0200;-2585.49;-16842.89;600550000.00
2019-06-29T21:08:48.220+0200;-2586.20;-16847.51;600550000.00
2019-06-30T21:09:48.217+0200;-2585.81;-16844.99;600550000.00
2019-07-04T09:20:13.547+0200;-2368.34;-15428.33;600550000.00
2019-07-04T21:20:47.556+0200;-2586.73;-16850.99;600550000.00
2019-07-05T21:21:47.552+0200;-2586.73;-16850.99;600550000.00
2019-07-06T21:22:47.546+0200;-2587.75;-16857.63;600550000.00
2019-07-07T21:23:47.548+0200;-2587.23;-16854.24;600550000.00
2019-07-08T09:22:02.575+0200;-2590.80;-16877.51;600550000.00
2019-07-09T09:22:36.731+0200;-2588.39;-16861.80;600550000.00
2019-07-10T09:23:36.743+0200;-2590.07;-16872.73;600550000.00
2019-07-11T09:24:36.779+0200;-2588.80;-16864.49;600550000.00
2019-07-12T09:25:36.752+0200;-2590.56;-16875.97;600550000.00
2019-07-13T09:26:36.691+0200;-2590.66;-16876.62;600550000.00
2019-07-14T09:27:36.706+0200;-2592.01;-16885.41;600550000.00
2019-07-15T09:28:36.699+0200;-2591.80;-16884.05;600550000.00
2019-07-22T09:01:39.323+0200;-2596.67;-16915.72;600550000.00
2019-07-23T09:02:19.029+0200;-2595.68;-16909.27;600550000.00
2019-07-23T21:03:18.922+0200;-2600.61;-16941.39;600550000.00
2019-07-24T21:04:18.922+0200;-2596.26;-16913.04;600550000.00
2019-07-25T21:05:18.922+0200;-2596.16;-16912.44;600550000.00
2019-07-26T21:06:18.919+0200;-2597.02;-16918.06;600550000.00
2019-07-27T21:07:18.919+0200;-2600.07;-16937.92;600550000.00
2019-07-28T21:08:18.913+0200;-2599.17;-16932.02;600550000.00
2019-07-29T21:09:18.915+0200;-2595.62;-16908.94;600550000.00
2019-07-30T21:10:18.923+0200;-2593.78;-16896.93;600550000.00
2019-07-31T21:11:18.917+0200;-2599.01;-16931.02;600550000.00
2019-08-01T21:12:18.915+0200;-2600.83;-16942.85;600550000.00
2019-08-02T21:13:18.915+0200;-2600.35;-16939.73;600550000.00
2019-08-03T21:14:18.920+0200;-2599.95;-16937.09;600550000.00
2019-08-04T21:15:18.927+0200;-2600.08;-16937.95;600550000.00
2019-08-05T20:33:43.542+0200;-2594.09;-16898.94;600550000.00
2019-08-06T20:34:43.543+0200;-2595.15;-16905.85;600550000.00
2019-08-07T20:35:43.542+0200;-2593.97;-16898.18;600550000.00
2019-08-08T20:36:43.556+0200;-2593.88;-16897.60;600550000.00
2019-08-09T20:37:43.548+0200;-2593.71;-16896.46;600550000.00
2019-08-10T20:38:43.554+0200;-2592.82;-16890.69;600550000.00
2019-08-11T20:39:43.548+0200;-2593.37;-16894.25;600550000.00
2019-08-19T15:26:05.694+0200;-3224.51;-21005.73;600550000.00
2019-08-20T03:26:48.262+0200;-2769.59;-18042.21;600550000.00
2019-08-20T15:26:48.364+0200;-2591.86;-16884.42;600550000.00
2019-08-21T03:27:48.262+0200;-2594.59;-16902.18;600550000.00
2019-08-22T03:28:48.261+0200;-2594.02;-16898.49;600550000.00
2019-08-23T03:29:48.269+0200;-2593.85;-16897.38;600550000.00
2019-08-24T03:30:48.267+0200;-2594.05;-16898.65;600550000.00
2019-08-25T03:31:48.261+0200;-2594.47;-16901.44;600550000.00
2019-08-26T03:32:48.265+0200;-2594.89;-16904.17;600550000.00
2019-08-27T03:33:48.270+0200;-2594.92;-16904.32;600550000.00
2019-08-27T15:33:48.464+0200;-2592.71;-16889.96;600550000.00
2019-08-28T15:34:48.350+0200;-2593.09;-16892.45;600550000.00
2019-08-29T15:35:48.353+0200;-2592.18;-16886.50;600550000.00
2019-08-30T15:36:48.371+0200;-2593.00;-16891.83;600550000.00
2019-08-31T15:37:48.352+0200;-2594.17;-16899.47;600550000.00
2019-09-01T15:38:48.349+0200;-2594.19;-16899.57;600550000.00
2019-09-02T15:39:48.368+0200;-2593.31;-16893.84;600550000.00
2019-09-03T15:40:48.394+0200;-2594.60;-16902.26;600550000.00
2019-09-04T15:42:48.262+0200;-2595.12;-16905.66;600550000.00
2019-09-05T15:44:48.265+0200;-2595.10;-16905.51;600550000.00
2019-09-06T15:46:48.258+0200;-2594.01;-16898.42;600550000.00
2019-09-07T15:48:48.279+0200;-2594.72;-16903.05;600550000.00
2019-09-08T15:50:48.280+0200;-2594.92;-16904.32;600550000.00
2019-09-09T08:35:33.198+0200;-2597.47;-16920.93;600550000.00
2019-09-09T20:36:16.349+0200;-2594.98;-16904.72;600550000.00
2019-09-10T20:37:16.327+0200;-2593.67;-16896.17;600550000.00
2019-09-11T20:38:16.323+0200;-2592.80;-16890.54;600550000.00
2019-09-12T20:39:16.319+0200;-2592.10;-16885.97;600550000.00
2019-09-13T20:40:16.327+0200;-2590.85;-16877.86;600550000.00
2019-09-14T20:41:16.333+0200;-2591.81;-16884.09;600550000.00
2019-09-15T20:42:16.324+0200;-2592.86;-16890.91;600550000.00
2019-09-16T20:43:16.324+0200;-2596.27;-16913.11;600550000.00
2019-09-17T20:44:16.324+0200;-2596.14;-16912.32;600550000.00
2019-09-18T20:45:16.322+0200;-2596.14;-16912.27;600550000.00
2019-09-19T20:46:16.318+0200;-2595.87;-16910.55;600550000.00
2019-09-20T20:47:16.326+0200;-2596.33;-16913.56;600550000.00
2019-09-21T20:48:16.330+0200;-2597.30;-16919.87;600550000.00
2019-09-22T20:49:16.331+0200;-2597.08;-16918.45;600550000.00
2019-09-23T20:50:16.327+0200;-2596.29;-16913.26;600550000.00
2019-09-24T20:51:16.328+0200;-2317.65;-15098.09;600550000.00
2019-09-25T08:51:16.402+0200;-1066.07;-6944.78;600550000.00
2019-09-25T20:52:16.335+0200;-2597.42;-16920.60;600550000.00
2019-09-26T20:53:16.329+0200;-2597.64;-16922.05;600550000.00
2019-09-27T20:54:16.327+0200;-2597.26;-16919.60;600550000.00
2019-09-28T20:55:16.331+0200;-2596.81;-16916.65;600550000.00
2019-09-29T20:56:16.324+0200;-2597.72;-16922.59;600550000.00
2019-10-14T09:19:21.533+0200;-2613.08;-17022.67;600550000.00
2019-10-14T11:21:49.262+0200;-2866.43;-18673.08;600550000.00
2019-10-14T23:22:33.327+0200;-2599.67;-16935.27;600550000.00
2019-10-15T11:22:33.419+0200;-2594.70;-16902.94;600550000.00
2019-10-16T11:23:33.414+0200;-2592.04;-16885.57;600550000.00
2019-10-17T11:24:33.427+0200;-2594.29;-16900.27;600550000.00
2019-10-18T11:25:33.430+0200;-2594.65;-16902.55;600550000.00
2019-10-19T11:26:33.454+0200;-2595.43;-16907.69;600550000.00
2019-10-20T11:27:33.424+0200;-2595.97;-16911.21;600550000.00
2019-10-21T11:28:33.413+0200;-2594.58;-16902.12;600550000.00
2019-10-22T13:44:58.420+0200;-2590.68;-16876.71;600550000.00
2019-11-12T10:26:38.078+0100;-2514.26;-16378.91;600550000.00
2019-11-12T22:27:21.997+0100;-2590.68;-16876.72;600550000.00
2019-11-13T22:28:22.000+0100;-2597.09;-16918.48;600550000.00
2019-11-14T22:29:21.995+0100;-2596.64;-16915.53;600550000.00
2019-11-18T09:37:04.963+0100;-2596.64;-16915.53;600550000.00
2019-11-18T21:59:47.719+0100;-2588.84;-16864.75;600550000.00
2019-11-19T22:00:47.720+0100;-2589.16;-16866.82;600550000.00
2019-11-20T22:01:47.718+0100;-2590.44;-16875.13;600550000.00
2019-11-21T22:02:47.735+0100;-2591.41;-16881.51;600550000.00
2019-11-22T22:03:47.725+0100;-2593.41;-16894.54;600550000.00
2019-11-23T22:04:47.720+0100;-2592.74;-16890.12;600550000.00
2019-11-24T22:05:47.719+0100;-2591.01;-16878.88;600550000.00
2019-12-09T09:05:32.904+0100;-2569.23;-16737.02;600550000.00
2019-12-09T21:06:30.241+0100;-2599.40;-16933.52;600550000.00
2019-12-10T09:06:30.329+0100;-2597.15;-16918.89;600550000.00
2019-12-11T09:07:30.326+0100;-2596.92;-16917.36;600550000.00
2019-12-12T09:08:30.313+0100;-2596.05;-16911.69;600550000.00
2019-12-12T21:09:30.243+0100;-2599.55;-16934.49;600550000.00
2019-12-13T09:09:30.333+0100;-2605.21;-16971.38;600550000.00
2019-12-13T21:10:30.246+0100;-2597.76;-16922.84;600550000.00
2019-12-14T21:11:30.243+0100;-2597.19;-16919.15;600550000.00
2019-12-15T21:12:30.243+0100;-2596.35;-16913.67;600550000.00
2019-12-16T20:29:18.281+0100;-2594.02;-16898.47;600550000.00
2019-12-17T08:29:18.360+0100;-2563.57;-16700.10;600550000.00
2020-01-06T11:12:44.602+0100;-2458.15;-16013.39;600550000.00
2020-01-06T23:13:43.188+0100;-2592.13;-16886.14;600550000.00
2020-01-07T23:14:43.189+0100;-2590.32;-16874.38;600550000.00
2020-01-08T23:15:43.187+0100;-2590.53;-16875.75;600550000.00
2020-01-09T23:16:43.185+0100;-2591.83;-16884.21;600550000.00
2020-01-10T23:17:43.184+0100;-2590.89;-16878.07;600550000.00
2020-01-11T23:18:43.198+0100;-2590.92;-16878.28;600550000.00
2020-01-12T23:19:43.196+0100;-2591.89;-16884.62;600550000.00
2020-01-13T23:21:43.208+0100;-2592.43;-16888.12;600550000.00
2020-01-14T11:22:43.198+0100;-2586.43;-16849.04;600550000.00
2020-01-14T23:23:43.194+0100;-2594.41;-16900.99;600550000.00
2020-02-03T08:52:36.944+0100;-2603.84;-16962.43;600550000.00
2020-02-03T20:53:34.707+0100;-2596.70;-16915.96;600550000.00
2020-02-04T14:38:04.697+0100;-2610.61;-17006.53;600550000.00
2020-02-05T02:39:03.152+0100;-2596.16;-16912.44;600550000.00
2020-02-06T02:40:03.159+0100;-2595.23;-16906.34;600550000.00
2020-02-07T02:41:03.171+0100;-2596.15;-16912.39;600550000.00
2020-02-08T02:53:26.663+0100;-2595.80;-16910.07;600550000.00
2020-02-09T02:54:26.666+0100;-2596.05;-16911.70;600550000.00
2020-02-10T02:55:26.659+0100;-2595.91;-16910.76;600550000.00
2020-02-24T08:58:20.440+0100;-2596.97;-16917.70;600550000.00
2020-02-24T10:44:08.295+0100;-2417.95;-15751.47;600550000.00
2020-02-24T13:53:25.468+0100;-2101.58;-13690.53;600550000.00
2020-02-25T01:53:35.291+0100;-2504.51;-16315.40;600550000.00
2020-02-25T13:53:35.365+0100;-2603.77;-16961.97;600550000.00
2020-02-26T13:54:35.360+0100;-2599.75;-16935.84;600550000.00
2020-02-27T01:55:35.286+0100;-2605.75;-16974.87;600550000.00
2020-02-27T13:55:35.359+0100;-2601.32;-16946.03;600550000.00
2020-02-28T13:56:35.356+0100;-2599.00;-16930.92;600550000.00
2020-02-29T01:57:35.294+0100;-2601.02;-16944.07;600550000.00
2020-03-01T01:58:35.295+0100;-2601.20;-16945.24;600550000.00
2020-03-02T01:59:35.286+0100;-2602.86;-16956.09;600550000.00
2020-03-09T09:39:58.612+0100;-2577.41;-16790.28;600550000.00
2020-03-09T21:40:37.706+0100;-2599.69;-16935.41;600550000.00
2020-03-10T21:41:37.688+0100;-2603.76;-16961.96;600550000.00
2020-03-11T21:42:37.688+0100;-2601.21;-16945.32;600550000.00
2020-03-12T21:43:37.703+0100;-2603.18;-16958.18;600550000.00
2020-03-13T21:44:37.695+0100;-2602.54;-16953.98;600550000.00
2020-03-14T21:45:37.688+0100;-2602.46;-16953.45;600550000.00
2020-03-15T21:46:37.693+0100;-2603.44;-16959.83;600550000.00
2020-03-16T12:08:37.587+0100;-2610.90;-17008.47;600550000.00
2020-03-17T00:09:15.420+0100;-2646.73;-17241.86;600550000.00
2020-03-17T12:09:15.495+0100;-2679.18;-17453.25;600550000.00
2020-03-18T00:10:15.421+0100;-2543.77;-16571.15;600550000.00
2020-03-18T12:10:15.492+0100;-2363.07;-15393.98;600550000.00
2020-03-19T00:11:15.417+0100;-2183.24;-14222.51;600550000.00
2020-03-19T12:11:15.491+0100;-1920.67;-12512.00;600550000.00
2020-03-20T00:12:15.416+0100;-837.16;-5453.57;600550000.00
2020-03-20T12:12:15.487+0100;-225.32;-1467.81;600550000.00
2020-03-21T00:13:15.413+0100;1115.38;7266.02;600550000.00
2020-03-21T12:13:15.493+0100;1365.29;8894.02;600550000.00
2020-03-22T00:14:15.412+0100;1422.16;9264.54;600550000.00
2020-03-22T12:14:15.511+0100;1411.74;9196.67;600550000.00
2020-03-23T00:15:15.425+0100;1390.65;9059.26;600550000.00
2020-03-23T12:15:15.488+0100;1483.57;9664.58;600550000.00
2020-03-24T00:16:15.420+0100;2474.03;16116.84;600550000.00
2020-03-24T12:16:15.498+0100;2531.08;16488.46;600550000.00
2020-03-25T00:17:15.423+0100;2502.43;16301.86;600550000.00
2020-03-25T12:17:15.504+0100;2466.66;16068.84;600550000.00
2020-03-26T00:18:15.420+0100;2423.18;15785.57;600550000.00
2020-03-26T12:18:15.493+0100;2395.26;15603.68;600550000.00
2020-03-27T00:19:15.420+0100;3509.31;22861.04;600550000.00
2020-03-27T12:19:15.502+0100;4158.71;27091.50;600550000.00
2020-03-28T00:20:15.426+0100;4299.58;28009.18;600550000.00
2020-03-28T12:20:15.496+0100;4341.32;28281.08;600550000.00
2020-03-29T00:21:15.418+0100;5060.94;32968.99;600550000.00
2020-03-29T13:21:15.502+0200;5217.96;33991.89;600550000.00
2020-03-30T01:22:15.424+0200;5287.53;34445.06;600550000.00
2020-03-30T13:23:15.423+0200;6435.85;41925.69;600550000.00
2020-03-31T01:24:15.430+0200;7359.78;47944.57;600550000.00
2020-03-31T13:25:15.423+0200;8536.68;55611.33;600550000.00
2020-04-01T01:26:15.426+0200;9845.45;64137.23;600550000.00
2020-04-01T13:26:15.518+0200;9999.00;65137.48;600550000.00
2020-04-02T13:28:15.434+0200;9999.00;65137.48;600550000.00
2020-04-03T13:30:15.423+0200;9999.00;65137.48;600550000.00
2020-04-04T13:32:15.431+0200;9999.00;65137.48;600550000.00
2020-04-05T13:34:15.437+0200;9999.00;65137.48;600550000.00
2020-04-06T13:36:15.434+0200;9999.00;65137.48;600550000.00
2020-04-07T13:37:15.429+0200;9999.00;65137.48;600550000.00
2020-04-08T13:39:15.428+0200;9999.00;65137.48;600550000.00
2020-04-09T13:41:15.432+0200;9999.00;65137.48;600550000.00
2020-04-10T13:43:15.424+0200;9999.00;65137.48;600550000.00
2020-04-11T13:45:15.425+0200;9999.00;65137.48;600550000.00
2020-04-12T13:46:15.516+0200;9999.00;65137.47;600550000.00
2020-04-13T01:47:15.433+0200;9996.90;65123.81;600550000.00
2020-04-13T13:48:15.428+0200;9967.87;64934.69;600550000.00
2020-04-14T01:49:15.429+0200;9999.00;65137.48;600550000.00
2020-04-15T01:51:15.429+0200;9999.00;65137.48;600550000.00
2020-04-16T01:53:15.432+0200;9999.00;65137.48;600550000.00
2020-04-17T01:55:15.436+0200;9999.00;65137.48;600550000.00
2020-04-18T01:56:15.515+0200;9999.00;65137.48;600550000.00
2020-04-19T01:58:15.426+0200;9999.00;65137.48;600550000.00
2020-04-20T02:00:15.427+0200;9999.00;65137.48;600550000.00
2020-04-21T02:02:15.428+0200;9999.00;65137.48;600550000.00
2020-04-22T02:04:15.430+0200;9999.00;65137.48;600550000.00
2020-04-23T02:06:15.425+0200;9999.00;65137.48;600550000.00
2020-04-24T02:07:15.428+0200;9999.00;65137.48;600550000.00
2020-04-25T02:09:15.428+0200;9999.00;65137.48;600550000.00
2020-04-26T02:11:15.428+0200;9999.00;65137.48;600550000.00
2020-04-27T02:13:15.428+0200;9999.00;65137.48;600550000.00
2020-04-28T02:15:15.435+0200;9999.00;65137.48;600550000.00
2020-04-29T02:16:15.512+0200;9999.00;65137.48;600550000.00
2020-04-30T02:18:15.436+0200;9999.00;65137.48;600550000.00
2020-05-01T02:20:15.434+0200;9999.00;65137.48;600550000.00
2020-05-02T02:22:15.437+0200;9999.00;65137.48;600550000.00
2020-05-03T02:24:15.430+0200;9999.00;65137.48;600550000.00
2020-05-04T02:26:15.432+0200;9999.00;65137.48;600550000.00
2020-05-05T02:27:15.429+0200;9999.00;65137.48;600550000.00
2020-05-06T02:29:15.425+0200;9999.00;65137.48;600550000.00
2020-05-07T02:31:15.426+0200;9999.00;65137.48;600550000.00
2020-05-08T02:33:15.426+0200;9999.00;65137.48;600550000.00
2020-05-09T02:35:15.431+0200;9999.00;65137.48;600550000.00
2020-05-10T02:36:15.525+0200;9999.00;65137.48;600550000.00
2020-05-11T02:38:15.427+0200;9999.00;65137.48;600550000.00
2020-05-12T02:40:15.435+0200;9999.00;65137.48;600550000.00
2020-05-12T22:50:20.368+0200;-2698.41;-17578.54;600550000.00
2020-05-13T22:51:20.383+0200;-2698.47;-17578.88;600550000.00
2020-05-14T22:52:20.362+0200;-2697.26;-17571.02;600550000.00
2020-05-15T22:53:20.365+0200;-2694.26;-17551.46;600550000.00
2020-05-16T22:54:20.367+0200;-2694.26;-17551.46;600550000.00
2020-05-19T09:08:36.062+0200;-2694.26;-17551.46;600550000.00
2020-05-19T21:09:35.123+0200;-2691.70;-17534.81;600550000.00
2020-05-20T21:10:35.115+0200;-2691.59;-17534.09;600550000.00
2020-05-21T21:11:35.121+0200;-2690.27;-17525.48;600550000.00
2020-05-22T21:12:35.117+0200;-2689.25;-17518.83;600550000.00
2020-05-23T21:13:35.113+0200;-2686.64;-17501.83;600550000.00
2020-05-24T21:14:35.122+0200;-2686.61;-17501.63;600550000.00
2020-06-22T08:24:10.222+0200;-2676.00;-17432.54;600550000.00
2020-06-22T20:25:05.885+0200;-2657.50;-17312.02;600550000.00
2020-06-23T20:26:05.884+0200;-2671.27;-17401.70;600550000.00
2020-06-24T20:27:05.889+0200;-2670.93;-17399.53;600550000.00
2020-06-29T09:06:42.300+0200;-2672.97;-17412.79;600550000.00
2020-07-01T10:18:03.104+0200;-2684.77;-17489.64;600550000.00
2020-07-01T22:19:00.470+0200;-2666.36;-17369.76;600550000.00
2020-07-02T22:20:00.487+0200;-2664.67;-17358.71;600550000.00
2020-07-03T22:21:00.470+0200;-2663.87;-17353.50;600550000.00
2020-07-04T22:22:00.470+0200;-2663.30;-17349.79;600550000.00
2020-07-05T22:23:00.470+0200;-2664.00;-17354.39;600550000.00
2020-07-20T09:43:10.054+0200;-2589.79;-16870.94;600550000.00
2020-07-20T21:44:00.996+0200;-2668.73;-17385.16;600550000.00
2020-07-21T09:44:01.082+0200;-2666.50;-17370.66;600550000.00
2020-07-21T21:45:00.998+0200;-2672.49;-17409.64;600550000.00
2020-07-26T21:12:44.062+0200;-2764.81;-18011.10;600550000.00
2020-07-27T21:13:41.181+0200;-2764.81;-18011.10;600550000.00
2020-07-29T06:08:27.639+0200;-2764.81;-18011.10;600550000.00
2020-07-30T06:09:27.645+0200;-2764.80;-18010.98;600550000.00
2020-07-30T18:09:27.662+0200;-2584.11;-16833.92;600550000.00
2020-07-30T19:06:48.162+0200;-2594.46;-16901.35;600550000.00
2020-07-31T07:07:45.611+0200;-2616.42;-17044.41;600550000.00
2020-07-31T14:57:40.926+0200;-2628.77;-17124.87;600550000.00
2020-08-01T03:53:41.211+0200;-2631.10;-17140.02;600550000.00
2020-08-02T03:54:41.189+0200;-2630.25;-17134.53;600550000.00
2020-08-03T03:55:41.186+0200;-2630.18;-17134.06;600550000.00
2020-08-03T15:55:41.300+0200;-2640.38;-17200.48;600550000.00
2020-08-04T03:56:41.200+0200;-2558.68;-16668.25;600550000.00
2020-08-24T14:15:51.355+0200;-2620.06;-17068.12;600550000.00
2020-09-07T09:29:27.038+0200;-2625.60;-17104.23;600550000.00
2020-09-08T09:30:24.491+0200;-2624.32;-17095.88;600550000.00
2020-09-08T21:31:24.377+0200;-2630.95;-17139.07;600550000.00
2020-09-09T21:32:24.368+0200;-2629.81;-17131.64;600550000.00
2020-09-10T21:33:24.370+0200;-2631.37;-17141.79;600550000.00
2020-09-11T21:34:24.372+0200;-2630.86;-17138.45;600550000.00
2020-09-12T21:35:24.378+0200;-2629.84;-17131.81;600550000.00
2020-09-13T21:36:24.372+0200;-2629.31;-17128.40;600550000.00
2020-09-14T14:11:58.910+0200;-2632.09;-17146.48;600550000.00
2020-10-05T09:00:16.409+0200;-2670.08;-17394.00;600550000.00
2020-10-05T21:01:13.875+0200;-2666.48;-17370.51;600550000.00
2020-10-06T21:02:13.874+0200;-2667.10;-17374.58;600550000.00
2020-10-07T21:03:13.872+0200;-2666.18;-17368.53;600550000.00
2020-10-08T21:04:13.872+0200;-2668.62;-17384.49;600550000.00
2020-10-10T05:55:56.551+0200;-2668.04;-17380.67;600550000.00
2020-10-11T05:56:56.550+0200;-2667.50;-17377.13;600550000.00
2020-10-12T05:57:56.552+0200;-2667.03;-17374.11;600550000.00
2020-11-09T08:59:52.043+0100;-2665.54;-17364.40;600550000.00
2020-11-09T21:03:35.224+0100;-2657.81;-17314.07;600550000.00
2020-11-10T21:04:35.221+0100;-2661.45;-17337.75;600550000.00
2020-11-11T21:05:35.213+0100;-2666.34;-17369.58;600550000.00
2020-11-12T21:06:35.213+0100;-2672.69;-17410.96;600550000.00
2020-11-13T09:06:35.304+0100;-2670.59;-17397.26;600550000.00
2020-11-13T21:07:35.224+0100;-2664.38;-17356.85;600550000.00
2020-11-14T21:08:35.220+0100;-2665.77;-17365.88;600550000.00
2020-11-15T21:09:35.218+0100;-2666.98;-17373.79;600550000.00
2020-12-07T09:05:20.854+0100;-2669.94;-17393.07;600550000.00
2020-12-08T09:06:17.707+0100;-2668.47;-17383.49;600550000.00
2020-12-09T09:07:17.729+0100;-2666.79;-17372.57;600550000.00
2020-12-10T09:08:17.725+0100;-2668.07;-17380.89;600550000.00
2020-12-10T21:09:17.589+0100;-2665.59;-17364.72;600550000.00
2020-12-11T21:10:17.607+0100;-2668.03;-17380.59;600550000.00
2020-12-12T21:11:17.589+0100;-2666.28;-17369.21;600550000.00
2020-12-13T21:12:17.583+0100;-2665.64;-17365.05;600550000.00
2020-12-21T09:27:26.257+0100;-2667.54;-17377.39;600550000.00
2020-12-22T09:28:23.813+0100;-2666.67;-17371.74;600550000.00
2020-12-23T09:29:23.857+0100;-2668.09;-17381.01;600550000.00
2020-12-24T09:30:23.812+0100;-2667.71;-17378.52;600550000.00
2020-12-25T09:31:23.808+0100;-2667.54;-17377.42;600550000.00
2020-12-26T09:32:23.830+0100;-2666.17;-17368.51;600550000.00
2020-12-27T09:33:23.816+0100;-2669.89;-17392.71;600550000.00
2020-12-27T21:34:23.678+0100;-2673.46;-17416.01;600550000.00
2020-12-28T21:35:23.674+0100;-2674.53;-17422.95;600550000.00
2020-12-29T21:36:23.675+0100;-2672.60;-17410.40;600550000.00
2020-12-30T21:37:23.696+0100;-2671.14;-17400.84;600550000.00
2020-12-31T21:38:23.670+0100;-2672.06;-17406.85;600550000.00
2021-01-01T21:39:23.674+0100;-2671.07;-17400.44;600550000.00
2021-01-02T21:40:23.681+0100;-2670.87;-17399.13;600550000.00
2021-01-03T21:41:23.678+0100;-2670.60;-17397.39;600550000.00
2021-01-04T21:42:23.676+0100;-2670.95;-17399.66;600550000.00
2021-01-05T21:43:23.685+0100;-2669.99;-17393.36;600550000.00
2021-01-06T21:44:23.682+0100;-2668.55;-17383.98;600550000.00
2021-01-07T21:45:23.679+0100;-2669.06;-17387.34;600550000.00
2021-01-08T21:46:23.674+0100;-2668.67;-17384.81;600550000.00
2021-01-09T21:47:23.673+0100;-2668.42;-17383.14;600550000.00
2021-01-10T21:48:23.684+0100;-2667.93;-17379.99;600550000.00
2021-02-17T14:57:14.877+0100;-2611.81;-17014.40;600550000.00
2021-02-18T03:09:29.819+0100;-2580.51;-16810.44;600550000.00
2021-02-18T15:09:29.924+0100;-2615.25;-17036.81;600550000.00
2021-02-19T03:10:29.827+0100;-2544.99;-16579.08;600550000.00
2021-02-22T08:22:07.372+0100;-2598.71;-16929.01;600550000.00
2021-02-22T20:23:02.342+0100;-2614.67;-17033.01;600550000.00
2021-02-23T20:24:02.350+0100;-2612.95;-17021.81;600550000.00
2021-02-24T20:25:02.334+0100;-2638.35;-17187.27;600550000.00
2021-02-25T20:26:02.349+0100;-2607.52;-16986.41;600550000.00
2021-02-26T08:26:02.454+0100;-2609.94;-17002.18;600550000.00
2021-02-26T20:27:02.348+0100;-2607.55;-16986.60;600550000.00
2021-02-27T08:27:02.445+0100;-2591.57;-16882.50;600550000.00
2021-02-28T08:28:02.475+0100;-2591.12;-16879.61;600550000.00
2021-03-01T08:29:02.442+0100;-2591.24;-16880.36;600550000.00
2021-03-22T09:07:06.990+0100;-2623.86;-17092.90;600550000.00
2021-03-23T09:08:06.088+0100;-2624.76;-17098.72;600550000.00
2021-03-24T09:09:06.109+0100;-2624.63;-17097.91;600550000.00
2021-03-25T09:10:06.120+0100;-2614.51;-17031.95;600550000.00
2021-03-25T21:11:06.095+0100;-2621.56;-17077.87;600550000.00
2021-03-26T09:11:06.124+0100;-2623.61;-17091.23;600550000.00
2021-03-27T09:12:06.118+0100;-2622.63;-17084.85;600550000.00
2021-03-28T10:13:06.146+0200;-2621.21;-17075.62;600550000.00
2021-04-06T10:30:59.946+0200;-2824.00;-18396.69;600550000.00
2021-04-06T10:57:40.276+0200;-2875.90;-18734.79;600550000.00
2021-04-26T09:23:38.813+0200;-2627.17;-17114.43;600550000.00
2021-04-26T21:24:37.003+0200;-2624.10;-17094.43;600550000.00
2021-04-27T21:25:37.006+0200;-2626.26;-17108.48;600550000.00
2021-04-28T09:25:37.114+0200;-2624.19;-17095.03;600550000.00
2021-04-29T08:20:19.976+0200;-2648.53;-17253.59;600550000.00
2021-04-29T20:21:17.726+0200;-2623.36;-17089.59;600550000.00
2021-04-30T08:21:17.850+0200;-2615.73;-17039.89;600550000.00
2021-04-30T20:22:17.732+0200;-2622.52;-17084.11;600550000.00
2021-05-01T20:23:17.732+0200;-2622.10;-17081.42;600550000.00
2021-05-02T20:24:17.723+0200;-2621.26;-17075.93;600550000.00
2021-09-28T09:29:43.352+0200;-2545.40;-16581.74;600550000.00
2021-09-29T21:16:11.524+0200;-2545.40;-16581.74;600550000.00
2021-09-30T21:17:11.521+0200;-2545.40;-16581.74;600550000.00
2021-10-01T21:18:11.518+0200;-2545.40;-16581.74;600550000.00
2021-10-02T21:19:11.530+0200;-2545.40;-16581.74;600550000.00
2021-10-03T21:20:11.527+0200;-2545.40;-16581.74;600550000.00
2021-10-04T21:21:11.518+0200;-2545.40;-16581.74;600550000.00
2021-10-05T21:22:11.553+0200;-2545.40;-16581.74;600550000.00
2021-10-06T21:23:11.523+0200;-2545.40;-16581.74;600550000.00
2021-10-07T21:24:11.529+0200;-2545.40;-16581.74;600550000.00
2021-10-08T21:25:11.521+0200;-2545.40;-16581.74;600550000.00
2021-10-09T21:26:11.523+0200;-2545.40;-16581.74;600550000.00
2021-10-10T21:27:11.530+0200;-2545.40;-16581.74;600550000.00
2021-10-11T21:28:11.527+0200;-2545.40;-16581.74;600550000.00
2021-10-12T21:29:11.531+0200;-2545.40;-16581.74;600550000.00
2021-10-13T21:30:11.545+0200;-2545.40;-16581.74;600550000.00
2021-10-14T21:31:11.521+0200;-2545.40;-16581.74;600550000.00
2021-10-15T21:32:11.525+0200;-2545.40;-16581.74;600550000.00
2021-10-16T21:33:11.522+0200;-2545.40;-16581.74;600550000.00
2021-10-17T21:34:11.527+0200;-2545.40;-16581.74;600550000.00
2021-10-18T21:35:11.526+0200;-2545.40;-16581.74;600550000.00
2021-10-19T21:36:11.532+0200;-2545.40;-16581.74;600550000.00
2021-10-20T21:37:11.526+0200;-2545.40;-16581.74;600550000.00
2021-11-15T10:34:44.254+0100;-2671.07;-17400.39;600550000.00
2021-11-15T22:35:40.893+0100;-2663.15;-17348.85;600550000.00
2021-11-16T22:36:40.893+0100;-2619.62;-17065.26;600550000.00
2021-11-17T22:37:40.884+0100;-2619.94;-17067.31;600550000.00
2021-11-18T22:38:40.890+0100;-2619.59;-17065.04;600550000.00
2021-11-19T22:39:40.899+0100;-2619.99;-17067.66;600550000.00
2021-11-20T22:40:40.884+0100;-2621.88;-17079.96;600550000.00
2021-11-21T22:41:40.895+0100;-2622.66;-17085.08;600550000.00
2021-11-22T10:41:40.987+0100;-2629.50;-17129.63;600550000.00
2021-11-22T22:42:40.888+0100;-2622.85;-17086.31;600550000.00
2021-11-23T22:43:40.896+0100;-2622.42;-17083.47;600550000.00
2021-11-24T10:43:40.999+0100;-2596.62;-16915.43;600550000.00
2021-11-24T22:44:40.895+0100;-2649.75;-17261.51;600550000.00
2021-11-25T10:44:40.972+0100;-2645.33;-17232.76;600550000.00
2022-04-22T11:41:51.558+0200;-2662.03;-17341.51;600550000.00
2022-04-22T18:39:34.694+0200;-2644.48;-17227.22;600550000.00
2023-03-24T10:49:35.630+0100;-2681.40;-17467.69;600550005.52
2023-03-24T22:50:34.560+0100;-2678.87;-17451.24;600550005.52
2023-03-25T22:51:34.563+0100;-2680.01;-17458.63;600550005.52
2023-03-26T23:52:34.559+0200;-2680.12;-17459.39;600550005.52
